<configuration>

  <appender name="CONSOLE" class="ch.qos.logback.core.ConsoleAppender">
    <!-- deny all events with a level below INFO, that is TRACE and DEBUG -->
    <filter class="ch.qos.logback.classic.filter.ThresholdFilter">
      <level>INFO</level>
    </filter>
    <encoder>
      <pattern>
        %-4relative [%thread] %-5level %logger{30} - %message%n%xException{5}
      </pattern>
    </encoder>
  </appender>

  <!-- Disable if you want to see the access log in the console -->
  <logger name="com.keepit.access" level="OFF"/>
  <logger name="com.keepit.db" level="OFF"/>
  <logger name="com.keepit.cache" level="OFF"/>

  <root level="INFO">
    <appender-ref ref="CONSOLE" />
  </root>

</configuration>
