<component name="libraryTable">
  <library name="junit_junit_4.8.2_test">
    <CLASSES>
      <root url="jar://$USER_HOME$/opt/play-2.0.4/repository/local/junit/junit/4.8.2/jars/junit.jar!/" />
    </CLASSES>
    <JAVADOC />
    <SOURCES />
  </library>
</component>