<configuration>

  <conversionRule conversionWord="coloredLevel" converterClass="play.api.Logger$ColoredLevel" />

  <appender name="CONSOLE" class="ch.qos.logback.core.ConsoleAppender">
    <!-- deny all events with a level below INFO, that is TRACE and DEBUG -->
    <filter class="ch.qos.logback.classic.filter.ThresholdFilter">
      <level>INFO</level>
    </filter>
    <encoder>
      <pattern>
        %-4relative [%thread] %-5level %logger{30} - %message%n%xException{5}
      </pattern>
    </encoder>
  </appender>

  <!-- Disable if you want to see the access log in the console -->
  <logger name="play" level="OFF" />
  <logger name="application" level="OFF" />
  <logger name="com.keepit.access" level="OFF"/>
  <logger name="com.keepit.db" level="OFF"/>
  <logger name="com.keepit.cache" level="OFF"/>
  <logger name="com.keepit.test" level="DEBUG"/>
  <logger name="statsd.com.keepit" level="OFF"/>
  <logger name="com.keepit.social.SecureSocialAuthenticatorPluginImpl" level="OFF"/>
  <logger name="com.keepit.social.SecureSocialUserPluginImpl" level="OFF"/>

  <root level="ERROR">
    <appender-ref ref="CONSOLE" />
  </root>
</configuration>
